{"level":"info","message":"::1 - - [18/Oct/2016:16:30:25 +0000] \"GET /issues HTTP/1.1\" 401 -\n","timestamp":"2016-10-18T16:30:25.492Z"}
{"level":"info","message":"[Tue Oct 18 2016 22:51:44 GMT+0545 (NPT)] Executing (default): SELECT `id`, `firstName`, `lastName`, `email`, `password`, `dob`, `phonenumber`, `sex`, `profession`, `address`, `user_photo`, `role_id`, `created_at`, `updated_at` FROM `Users` AS `Users` WHERE `Users`.`id` = 1;","timestamp":"2016-10-18T17:06:44.398Z"}
{"level":"info","message":"::1 - - [18/Oct/2016:17:06:44 +0000] \"POST /issues HTTP/1.1\" 412 375\n","timestamp":"2016-10-18T17:06:44.415Z"}
{"level":"info","message":"::1 - - [18/Oct/2016:17:06:59 +0000] \"POST /issues HTTP/1.1\" 401 -\n","timestamp":"2016-10-18T17:06:59.674Z"}
{"level":"info","message":"[Thu Oct 20 2016 22:15:27 GMT+0545 (NPT)] Executing (default): SELECT `id`, `firstName`, `lastName`, `email`, `password`, `dob`, `phonenumber`, `sex`, `profession`, `address`, `user_photo`, `role_id`, `created_at`, `updated_at` FROM `Users` AS `Users` WHERE `Users`.`id` = 1;","timestamp":"2016-10-20T16:30:27.748Z"}
{"level":"info","message":"::1 - - [20/Oct/2016:16:30:27 +0000] \"GET /issues HTTP/1.1\" 412 46\n","timestamp":"2016-10-20T16:30:27.774Z"}
{"level":"info","message":"[Thu Oct 20 2016 22:15:35 GMT+0545 (NPT)] Executing (default): SELECT `id`, `firstName`, `lastName`, `email`, `password`, `dob`, `phonenumber`, `sex`, `profession`, `address`, `user_photo`, `role_id`, `created_at`, `updated_at` FROM `Users` AS `Users` WHERE `Users`.`id` = 1;","timestamp":"2016-10-20T16:30:35.520Z"}
{"level":"info","message":"::1 - - [20/Oct/2016:16:30:35 +0000] \"GET /issues HTTP/1.1\" 412 46\n","timestamp":"2016-10-20T16:30:35.525Z"}
{"level":"info","message":"[Thu Oct 20 2016 22:15:53 GMT+0545 (NPT)] Executing (default): SELECT `id`, `firstName`, `lastName`, `email`, `password`, `dob`, `phonenumber`, `sex`, `profession`, `address`, `user_photo`, `role_id`, `created_at`, `updated_at` FROM `Users` AS `Users` WHERE `Users`.`id` = 1;","timestamp":"2016-10-20T16:30:53.694Z"}
{"level":"info","message":"::1 - - [20/Oct/2016:16:30:53 +0000] \"GET /issues?q=test HTTP/1.1\" 412 46\n","timestamp":"2016-10-20T16:30:53.702Z"}
{"level":"info","message":"[Thu Oct 20 2016 22:17:56 GMT+0545 (NPT)] Executing (default): SELECT `id`, `firstName`, `lastName`, `email`, `password`, `dob`, `phonenumber`, `sex`, `profession`, `address`, `user_photo`, `role_id`, `created_at`, `updated_at` FROM `Users` AS `Users` WHERE `Users`.`id` = 1;","timestamp":"2016-10-20T16:32:56.535Z"}
{"level":"info","message":"::1 - - [20/Oct/2016:16:32:56 +0000] \"GET /issues?cat=test HTTP/1.1\" 412 46\n","timestamp":"2016-10-20T16:32:56.564Z"}
{"level":"info","message":"[Thu Oct 20 2016 22:18:00 GMT+0545 (NPT)] Executing (default): SELECT `id`, `firstName`, `lastName`, `email`, `password`, `dob`, `phonenumber`, `sex`, `profession`, `address`, `user_photo`, `role_id`, `created_at`, `updated_at` FROM `Users` AS `Users` WHERE `Users`.`id` = 1;","timestamp":"2016-10-20T16:33:00.388Z"}
{"level":"info","message":"::1 - - [20/Oct/2016:16:33:00 +0000] \"GET /issues?cat=%22test%22 HTTP/1.1\" 412 46\n","timestamp":"2016-10-20T16:33:00.398Z"}
{"level":"info","message":"[Thu Oct 20 2016 22:18:13 GMT+0545 (NPT)] Executing (default): SELECT `id`, `firstName`, `lastName`, `email`, `password`, `dob`, `phonenumber`, `sex`, `profession`, `address`, `user_photo`, `role_id`, `created_at`, `updated_at` FROM `Users` AS `Users` WHERE `Users`.`id` = 1;","timestamp":"2016-10-20T16:33:13.247Z"}
{"level":"info","message":"::1 - - [20/Oct/2016:16:33:13 +0000] \"GET /issues?cat=1 HTTP/1.1\" 412 46\n","timestamp":"2016-10-20T16:33:13.252Z"}
{"level":"info","message":"[Thu Oct 20 2016 22:18:34 GMT+0545 (NPT)] Executing (default): SELECT `id`, `firstName`, `lastName`, `email`, `password`, `dob`, `phonenumber`, `sex`, `profession`, `address`, `user_photo`, `role_id`, `created_at`, `updated_at` FROM `Users` AS `Users` WHERE `Users`.`id` = 1;","timestamp":"2016-10-20T16:33:34.547Z"}
{"level":"info","message":"::1 - - [20/Oct/2016:16:33:34 +0000] \"GET /issues HTTP/1.1\" 412 46\n","timestamp":"2016-10-20T16:33:34.551Z"}
{"level":"info","message":"[Thu Oct 20 2016 22:20:34 GMT+0545 (NPT)] Executing (default): SELECT `id`, `firstName`, `lastName`, `email`, `password`, `dob`, `phonenumber`, `sex`, `profession`, `address`, `user_photo`, `role_id`, `created_at`, `updated_at` FROM `Users` AS `Users` WHERE `Users`.`id` = 1;","timestamp":"2016-10-20T16:35:34.696Z"}
{"level":"info","message":"::1 - - [20/Oct/2016:16:35:34 +0000] \"GET /issues HTTP/1.1\" 412 63\n","timestamp":"2016-10-20T16:35:34.725Z"}
{"level":"info","message":"[Thu Oct 20 2016 22:24:23 GMT+0545 (NPT)] Executing (default): SELECT `id`, `firstName`, `lastName`, `email`, `password`, `dob`, `phonenumber`, `sex`, `profession`, `address`, `user_photo`, `role_id`, `created_at`, `updated_at` FROM `Users` AS `Users` WHERE `Users`.`id` = 1;","timestamp":"2016-10-20T16:39:23.192Z"}
{"level":"info","message":"[Thu Oct 20 2016 22:24:23 GMT+0545 (NPT)] Executing (default): SELECT `id`, `category_id`, `user_id`, `title`, `description`, `posted_date`, `address`, `solved`, `visibility`, `anon`, `created_at`, `updated_at` FROM `Issues` AS `Issues` WHERE `Issues`.`user_id` = 1;","timestamp":"2016-10-20T16:39:23.213Z"}
{"level":"info","message":"::1 - - [20/Oct/2016:16:39:23 +0000] \"GET /issues HTTP/1.1\" 200 2\n","timestamp":"2016-10-20T16:39:23.224Z"}
{"level":"info","message":"[Thu Oct 20 2016 22:25:28 GMT+0545 (NPT)] Executing (default): SELECT `id`, `firstName`, `lastName`, `email`, `password`, `dob`, `phonenumber`, `sex`, `profession`, `address`, `user_photo`, `role_id`, `created_at`, `updated_at` FROM `Users` AS `Users` WHERE `Users`.`id` = 1;","timestamp":"2016-10-20T16:40:28.617Z"}
{"level":"info","message":"::1 - - [20/Oct/2016:16:40:28 +0000] \"GET /issues HTTP/1.1\" 412 79\n","timestamp":"2016-10-20T16:40:28.645Z"}
{"level":"info","message":"[Thu Oct 20 2016 22:27:03 GMT+0545 (NPT)] Executing (default): SELECT `id`, `firstName`, `lastName`, `email`, `password`, `dob`, `phonenumber`, `sex`, `profession`, `address`, `user_photo`, `role_id`, `created_at`, `updated_at` FROM `Users` AS `Users` WHERE `Users`.`id` = 1;","timestamp":"2016-10-20T16:42:03.212Z"}
{"level":"info","message":"::1 - - [20/Oct/2016:16:42:03 +0000] \"GET /issues HTTP/1.1\" 412 79\n","timestamp":"2016-10-20T16:42:03.238Z"}
{"level":"info","message":"[Thu Oct 20 2016 22:27:05 GMT+0545 (NPT)] Executing (default): SELECT `id`, `firstName`, `lastName`, `email`, `password`, `dob`, `phonenumber`, `sex`, `profession`, `address`, `user_photo`, `role_id`, `created_at`, `updated_at` FROM `Users` AS `Users` WHERE `Users`.`id` = 1;","timestamp":"2016-10-20T16:42:05.488Z"}
{"level":"info","message":"::1 - - [20/Oct/2016:16:42:05 +0000] \"GET /issues HTTP/1.1\" 412 79\n","timestamp":"2016-10-20T16:42:05.495Z"}
{"level":"info","message":"[Thu Oct 20 2016 22:27:23 GMT+0545 (NPT)] Executing (default): SELECT `id`, `firstName`, `lastName`, `email`, `password`, `dob`, `phonenumber`, `sex`, `profession`, `address`, `user_photo`, `role_id`, `created_at`, `updated_at` FROM `Users` AS `Users` WHERE `Users`.`id` = 1;","timestamp":"2016-10-20T16:42:23.170Z"}
{"level":"info","message":"::1 - - [20/Oct/2016:16:42:23 +0000] \"GET /issues?cat=1 HTTP/1.1\" 412 111\n","timestamp":"2016-10-20T16:42:23.174Z"}
{"level":"info","message":"[Thu Oct 20 2016 22:29:11 GMT+0545 (NPT)] Executing (default): SELECT `id`, `firstName`, `lastName`, `email`, `password`, `dob`, `phonenumber`, `sex`, `profession`, `address`, `user_photo`, `role_id`, `created_at`, `updated_at` FROM `Users` AS `Users` WHERE `Users`.`id` = 1;","timestamp":"2016-10-20T16:44:11.647Z"}
{"level":"info","message":"::1 - - [20/Oct/2016:16:44:19 +0000] \"GET /issues?cat=1 HTTP/1.1\" - -\n","timestamp":"2016-10-20T16:44:19.961Z"}
{"level":"info","message":"[Thu Oct 20 2016 22:29:22 GMT+0545 (NPT)] Executing (default): SELECT `id`, `firstName`, `lastName`, `email`, `password`, `dob`, `phonenumber`, `sex`, `profession`, `address`, `user_photo`, `role_id`, `created_at`, `updated_at` FROM `Users` AS `Users` WHERE `Users`.`id` = 1;","timestamp":"2016-10-20T16:44:22.021Z"}
{"level":"info","message":"::1 - - [20/Oct/2016:16:44:31 +0000] \"GET /issues?cat=1 HTTP/1.1\" - -\n","timestamp":"2016-10-20T16:44:31.383Z"}
{"level":"info","message":"[Thu Oct 20 2016 22:36:09 GMT+0545 (NPT)] Executing (default): SELECT `id`, `firstName`, `lastName`, `email`, `password`, `dob`, `phonenumber`, `sex`, `profession`, `address`, `user_photo`, `role_id`, `created_at`, `updated_at` FROM `Users` AS `Users` WHERE `Users`.`id` = 1;","timestamp":"2016-10-20T16:51:09.198Z"}
{"level":"info","message":"::1 - - [20/Oct/2016:16:51:09 +0000] \"GET /issues?cat=1 HTTP/1.1\" 412 111\n","timestamp":"2016-10-20T16:51:09.229Z"}
{"level":"info","message":"[Thu Oct 20 2016 22:36:15 GMT+0545 (NPT)] Executing (default): SELECT `id`, `firstName`, `lastName`, `email`, `password`, `dob`, `phonenumber`, `sex`, `profession`, `address`, `user_photo`, `role_id`, `created_at`, `updated_at` FROM `Users` AS `Users` WHERE `Users`.`id` = 1;","timestamp":"2016-10-20T16:51:15.054Z"}
{"level":"info","message":"::1 - - [20/Oct/2016:16:51:15 +0000] \"GET /issues?cat=2 HTTP/1.1\" 412 111\n","timestamp":"2016-10-20T16:51:15.064Z"}
{"level":"info","message":"[Thu Oct 20 2016 22:37:04 GMT+0545 (NPT)] Executing (default): SELECT `id`, `firstName`, `lastName`, `email`, `password`, `dob`, `phonenumber`, `sex`, `profession`, `address`, `user_photo`, `role_id`, `created_at`, `updated_at` FROM `Users` AS `Users` WHERE `Users`.`id` = 1;","timestamp":"2016-10-20T16:52:04.007Z"}
{"level":"info","message":"::1 - - [20/Oct/2016:16:52:04 +0000] \"GET /issues?cat=2 HTTP/1.1\" 412 109\n","timestamp":"2016-10-20T16:52:04.033Z"}
{"level":"info","message":"[Thu Oct 20 2016 22:37:07 GMT+0545 (NPT)] Executing (default): SELECT `id`, `firstName`, `lastName`, `email`, `password`, `dob`, `phonenumber`, `sex`, `profession`, `address`, `user_photo`, `role_id`, `created_at`, `updated_at` FROM `Users` AS `Users` WHERE `Users`.`id` = 1;","timestamp":"2016-10-20T16:52:07.388Z"}
{"level":"info","message":"::1 - - [20/Oct/2016:16:52:07 +0000] \"GET /issues?cat=1 HTTP/1.1\" 412 109\n","timestamp":"2016-10-20T16:52:07.394Z"}
{"level":"info","message":"[Thu Oct 20 2016 22:37:42 GMT+0545 (NPT)] Executing (default): SELECT `id`, `firstName`, `lastName`, `email`, `password`, `dob`, `phonenumber`, `sex`, `profession`, `address`, `user_photo`, `role_id`, `created_at`, `updated_at` FROM `Users` AS `Users` WHERE `Users`.`id` = 1;","timestamp":"2016-10-20T16:52:42.980Z"}
{"level":"info","message":"[Thu Oct 20 2016 22:37:42 GMT+0545 (NPT)] Executing (default): SELECT `id`, `category_id`, `user_id`, `title`, `description`, `posted_date`, `address`, `solved`, `visibility`, `anon`, `created_at`, `updated_at` FROM `Issues` AS `Issues` WHERE `Issues`.`category_id` = 1;","timestamp":"2016-10-20T16:52:43.000Z"}
{"level":"info","message":"::1 - - [20/Oct/2016:16:52:43 +0000] \"GET /issues?cat=1 HTTP/1.1\" 200 2\n","timestamp":"2016-10-20T16:52:43.008Z"}
{"level":"info","message":"[Thu Oct 20 2016 22:38:41 GMT+0545 (NPT)] Executing (default): SELECT `id`, `category_id`, `user_id`, `title`, `description`, `posted_date`, `address`, `solved`, `visibility`, `anon`, `created_at`, `updated_at` FROM `Issues` AS `Issues` WHERE `Issues`.`category_id` = 1;","timestamp":"2016-10-20T16:53:41.300Z"}
{"level":"info","message":"::1 - - [20/Oct/2016:16:53:41 +0000] \"GET /issues?cat=1 HTTP/1.1\" 200 2\n","timestamp":"2016-10-20T16:53:41.313Z"}
{"level":"info","message":"::1 - - [20/Oct/2016:16:53:50 +0000] \"GET /issues?cat=1&q=test HTTP/1.1\" 412 315\n","timestamp":"2016-10-20T16:53:50.018Z"}
{"level":"info","message":"::1 - - [20/Oct/2016:17:00:12 +0000] \"GET /issues?cat=1&q=test HTTP/1.1\" 412 315\n","timestamp":"2016-10-20T17:00:12.965Z"}
{"level":"info","message":"[Thu Oct 20 2016 22:45:22 GMT+0545 (NPT)] Executing (default): SELECT `id`, `category_id`, `user_id`, `title`, `description`, `posted_date`, `address`, `solved`, `visibility`, `anon`, `created_at`, `updated_at` FROM `Issues` AS `Issues`;","timestamp":"2016-10-20T17:00:22.052Z"}
{"level":"info","message":"::1 - - [20/Oct/2016:17:00:22 +0000] \"GET /issues HTTP/1.1\" 200 415\n","timestamp":"2016-10-20T17:00:22.059Z"}
{"level":"info","message":"[Thu Oct 20 2016 22:45:26 GMT+0545 (NPT)] Executing (default): SELECT `id`, `category_id`, `user_id`, `title`, `description`, `posted_date`, `address`, `solved`, `visibility`, `anon`, `created_at`, `updated_at` FROM `Issues` AS `Issues` WHERE `Issues`.`category_id` = 1;","timestamp":"2016-10-20T17:00:26.676Z"}
{"level":"info","message":"::1 - - [20/Oct/2016:17:00:26 +0000] \"GET /issues?cat=1 HTTP/1.1\" 200 415\n","timestamp":"2016-10-20T17:00:26.678Z"}
{"level":"info","message":"[Thu Oct 20 2016 22:45:32 GMT+0545 (NPT)] Executing (default): SELECT `id`, `category_id`, `user_id`, `title`, `description`, `posted_date`, `address`, `solved`, `visibility`, `anon`, `created_at`, `updated_at` FROM `Issues` AS `Issues` WHERE `Issues`.`category_id` = 2;","timestamp":"2016-10-20T17:00:32.113Z"}
{"level":"info","message":"::1 - - [20/Oct/2016:17:00:32 +0000] \"GET /issues?cat=2 HTTP/1.1\" 200 2\n","timestamp":"2016-10-20T17:00:32.118Z"}
{"level":"info","message":"::1 - - [20/Oct/2016:17:00:40 +0000] \"GET /issues?q=test HTTP/1.1\" 412 289\n","timestamp":"2016-10-20T17:00:40.217Z"}
{"level":"info","message":"::1 - - [20/Oct/2016:17:00:45 +0000] \"GET /issues?q=testing HTTP/1.1\" 412 289\n","timestamp":"2016-10-20T17:00:45.664Z"}
{"level":"info","message":"[Thu Oct 20 2016 22:47:40 GMT+0545 (NPT)] Executing (default): SELECT `id`, `category_id`, `user_id`, `title`, `description`, `posted_date`, `address`, `solved`, `visibility`, `anon`, `created_at`, `updated_at` FROM `Issues` AS `Issues` WHERE (`Issues`.`title` = '.*testing.*' OR `Issues`.`description` = '.*testing.*' OR `Issues`.`address` = '.*testing.*');","timestamp":"2016-10-20T17:02:40.141Z"}
{"level":"info","message":"::1 - - [20/Oct/2016:17:02:40 +0000] \"GET /issues?q=testing HTTP/1.1\" 200 2\n","timestamp":"2016-10-20T17:02:40.153Z"}
{"level":"info","message":"[Thu Oct 20 2016 22:47:53 GMT+0545 (NPT)] Executing (default): SELECT `id`, `category_id`, `user_id`, `title`, `description`, `posted_date`, `address`, `solved`, `visibility`, `anon`, `created_at`, `updated_at` FROM `Issues` AS `Issues` WHERE (`Issues`.`title` = '.*test.*' OR `Issues`.`description` = '.*test.*' OR `Issues`.`address` = '.*test.*');","timestamp":"2016-10-20T17:02:53.534Z"}
{"level":"info","message":"::1 - - [20/Oct/2016:17:02:53 +0000] \"GET /issues?q=test HTTP/1.1\" 200 2\n","timestamp":"2016-10-20T17:02:53.540Z"}
{"level":"info","message":"[Thu Oct 20 2016 22:50:26 GMT+0545 (NPT)] Executing (default): SELECT `id`, `category_id`, `user_id`, `title`, `description`, `posted_date`, `address`, `solved`, `visibility`, `anon`, `created_at`, `updated_at` FROM `Issues` AS `Issues` WHERE (`Issues`.`title` LIKE '%test%' OR `Issues`.`description` LIKE '%test%' OR `Issues`.`address` LIKE '%test%');","timestamp":"2016-10-20T17:05:26.770Z"}
{"level":"info","message":"::1 - - [20/Oct/2016:17:05:26 +0000] \"GET /issues?q=test HTTP/1.1\" 200 415\n","timestamp":"2016-10-20T17:05:26.783Z"}
{"level":"info","message":"[Thu Oct 20 2016 22:50:39 GMT+0545 (NPT)] Executing (default): SELECT `id`, `category_id`, `user_id`, `title`, `description`, `posted_date`, `address`, `solved`, `visibility`, `anon`, `created_at`, `updated_at` FROM `Issues` AS `Issues` WHERE (`Issues`.`title` LIKE '%asd%' OR `Issues`.`description` LIKE '%asd%' OR `Issues`.`address` LIKE '%asd%');","timestamp":"2016-10-20T17:05:39.998Z"}
{"level":"info","message":"::1 - - [20/Oct/2016:17:05:40 +0000] \"GET /issues?q=asd HTTP/1.1\" 200 2\n","timestamp":"2016-10-20T17:05:40.002Z"}
{"level":"info","message":"[Thu Oct 20 2016 22:50:43 GMT+0545 (NPT)] Executing (default): SELECT `id`, `category_id`, `user_id`, `title`, `description`, `posted_date`, `address`, `solved`, `visibility`, `anon`, `created_at`, `updated_at` FROM `Issues` AS `Issues` WHERE (`Issues`.`title` LIKE '%tes%' OR `Issues`.`description` LIKE '%tes%' OR `Issues`.`address` LIKE '%tes%');","timestamp":"2016-10-20T17:05:43.472Z"}
{"level":"info","message":"::1 - - [20/Oct/2016:17:05:43 +0000] \"GET /issues?q=tes HTTP/1.1\" 200 415\n","timestamp":"2016-10-20T17:05:43.478Z"}
{"level":"info","message":"[Thu Oct 20 2016 22:50:49 GMT+0545 (NPT)] Executing (default): SELECT `id`, `category_id`, `user_id`, `title`, `description`, `posted_date`, `address`, `solved`, `visibility`, `anon`, `created_at`, `updated_at` FROM `Issues` AS `Issues` WHERE (`Issues`.`title` LIKE '%tes%' OR `Issues`.`description` LIKE '%tes%' OR `Issues`.`address` LIKE '%tes%');","timestamp":"2016-10-20T17:05:49.683Z"}
{"level":"info","message":"::1 - - [20/Oct/2016:17:05:49 +0000] \"GET /issues?q=tes&c=2 HTTP/1.1\" 200 415\n","timestamp":"2016-10-20T17:05:49.686Z"}
{"level":"info","message":"[Thu Oct 20 2016 22:50:52 GMT+0545 (NPT)] Executing (default): SELECT `id`, `category_id`, `user_id`, `title`, `description`, `posted_date`, `address`, `solved`, `visibility`, `anon`, `created_at`, `updated_at` FROM `Issues` AS `Issues` WHERE (`Issues`.`title` LIKE '%tes%' OR `Issues`.`description` LIKE '%tes%' OR `Issues`.`address` LIKE '%tes%');","timestamp":"2016-10-20T17:05:52.716Z"}
{"level":"info","message":"::1 - - [20/Oct/2016:17:05:52 +0000] \"GET /issues?q=tes&c=1 HTTP/1.1\" 200 415\n","timestamp":"2016-10-20T17:05:52.720Z"}
{"level":"info","message":"[Thu Oct 20 2016 22:50:59 GMT+0545 (NPT)] Executing (default): SELECT `id`, `category_id`, `user_id`, `title`, `description`, `posted_date`, `address`, `solved`, `visibility`, `anon`, `created_at`, `updated_at` FROM `Issues` AS `Issues` WHERE (`Issues`.`title` LIKE '%tes%' OR `Issues`.`description` LIKE '%tes%' OR `Issues`.`address` LIKE '%tes%') AND `Issues`.`category_id` = 1;","timestamp":"2016-10-20T17:05:59.571Z"}
{"level":"info","message":"::1 - - [20/Oct/2016:17:05:59 +0000] \"GET /issues?q=tes&cat=1 HTTP/1.1\" 200 415\n","timestamp":"2016-10-20T17:05:59.575Z"}
{"level":"info","message":"[Thu Oct 20 2016 22:51:01 GMT+0545 (NPT)] Executing (default): SELECT `id`, `category_id`, `user_id`, `title`, `description`, `posted_date`, `address`, `solved`, `visibility`, `anon`, `created_at`, `updated_at` FROM `Issues` AS `Issues` WHERE (`Issues`.`title` LIKE '%tes%' OR `Issues`.`description` LIKE '%tes%' OR `Issues`.`address` LIKE '%tes%') AND `Issues`.`category_id` = 2;","timestamp":"2016-10-20T17:06:01.772Z"}
{"level":"info","message":"::1 - - [20/Oct/2016:17:06:01 +0000] \"GET /issues?q=tes&cat=2 HTTP/1.1\" 200 2\n","timestamp":"2016-10-20T17:06:01.775Z"}
{"level":"info","message":"[Thu Oct 20 2016 22:51:04 GMT+0545 (NPT)] Executing (default): SELECT `id`, `category_id`, `user_id`, `title`, `description`, `posted_date`, `address`, `solved`, `visibility`, `anon`, `created_at`, `updated_at` FROM `Issues` AS `Issues` WHERE (`Issues`.`title` LIKE '%tes%' OR `Issues`.`description` LIKE '%tes%' OR `Issues`.`address` LIKE '%tes%') AND `Issues`.`category_id` = 1;","timestamp":"2016-10-20T17:06:04.022Z"}
{"level":"info","message":"::1 - - [20/Oct/2016:17:06:04 +0000] \"GET /issues?q=tes&cat=1 HTTP/1.1\" 200 415\n","timestamp":"2016-10-20T17:06:04.028Z"}
{"level":"info","message":"[Thu Oct 20 2016 22:51:07 GMT+0545 (NPT)] Executing (default): SELECT `id`, `category_id`, `user_id`, `title`, `description`, `posted_date`, `address`, `solved`, `visibility`, `anon`, `created_at`, `updated_at` FROM `Issues` AS `Issues` WHERE (`Issues`.`title` LIKE '%tes%' OR `Issues`.`description` LIKE '%tes%' OR `Issues`.`address` LIKE '%tes%') AND `Issues`.`category_id` = 2;","timestamp":"2016-10-20T17:06:07.337Z"}
{"level":"info","message":"::1 - - [20/Oct/2016:17:06:07 +0000] \"GET /issues?q=tes&cat=2 HTTP/1.1\" 200 2\n","timestamp":"2016-10-20T17:06:07.341Z"}
{"level":"info","message":"[Fri Oct 21 2016 08:59:49 GMT+0545 (NPT)] Executing (default): SELECT `id`, `firstName`, `lastName`, `email`, `password`, `dob`, `phonenumber`, `sex`, `profession`, `address`, `user_photo`, `role_id`, `created_at`, `updated_at` FROM `Users` AS `Users` WHERE `Users`.`id` = 1;","timestamp":"2016-10-21T03:14:49.788Z"}
{"level":"info","message":"[Fri Oct 21 2016 08:59:49 GMT+0545 (NPT)] Executing (default): SELECT `id`, `category_id`, `user_id`, `title`, `description`, `posted_date`, `address`, `solved`, `visibility`, `anon`, `created_at`, `updated_at` FROM `Issues` AS `Issues` WHERE (`Issues`.`title` LIKE '%tes%' OR `Issues`.`description` LIKE '%tes%' OR `Issues`.`address` LIKE '%tes%') AND `Issues`.`category_id` = 2;","timestamp":"2016-10-21T03:14:49.828Z"}
{"level":"info","message":"::1 - - [21/Oct/2016:03:14:49 +0000] \"GET /issues?q=tes&cat=2 HTTP/1.1\" 200 2\n","timestamp":"2016-10-21T03:14:49.839Z"}
{"level":"info","message":"::1 - - [21/Oct/2016:03:15:06 +0000] \"GET /issues?q=tes&cat=2 HTTP/1.1\" 401 -\n","timestamp":"2016-10-21T03:15:06.051Z"}
{"level":"info","message":"[Fri Oct 21 2016 09:00:09 GMT+0545 (NPT)] Executing (default): SELECT `id`, `firstName`, `lastName`, `email`, `password`, `dob`, `phonenumber`, `sex`, `profession`, `address`, `user_photo`, `role_id`, `created_at`, `updated_at` FROM `Users` AS `Users` WHERE `Users`.`id` = 1;","timestamp":"2016-10-21T03:15:09.089Z"}
{"level":"info","message":"[Fri Oct 21 2016 09:00:09 GMT+0545 (NPT)] Executing (default): SELECT `id`, `category_id`, `user_id`, `title`, `description`, `posted_date`, `address`, `solved`, `visibility`, `anon`, `created_at`, `updated_at` FROM `Issues` AS `Issues` WHERE (`Issues`.`title` LIKE '%tes%' OR `Issues`.`description` LIKE '%tes%' OR `Issues`.`address` LIKE '%tes%') AND `Issues`.`category_id` = 2;","timestamp":"2016-10-21T03:15:09.094Z"}
{"level":"info","message":"::1 - - [21/Oct/2016:03:15:09 +0000] \"GET /issues?q=tes&cat=2 HTTP/1.1\" 200 2\n","timestamp":"2016-10-21T03:15:09.097Z"}
{"level":"info","message":"[Fri Oct 21 2016 09:00:11 GMT+0545 (NPT)] Executing (default): SELECT `id`, `firstName`, `lastName`, `email`, `password`, `dob`, `phonenumber`, `sex`, `profession`, `address`, `user_photo`, `role_id`, `created_at`, `updated_at` FROM `Users` AS `Users` WHERE `Users`.`id` = 1;","timestamp":"2016-10-21T03:15:11.460Z"}
{"level":"info","message":"[Fri Oct 21 2016 09:00:11 GMT+0545 (NPT)] Executing (default): SELECT `id`, `category_id`, `user_id`, `title`, `description`, `posted_date`, `address`, `solved`, `visibility`, `anon`, `created_at`, `updated_at` FROM `Issues` AS `Issues` WHERE (`Issues`.`title` LIKE '%tes%' OR `Issues`.`description` LIKE '%tes%' OR `Issues`.`address` LIKE '%tes%');","timestamp":"2016-10-21T03:15:11.468Z"}
{"level":"info","message":"::1 - - [21/Oct/2016:03:15:11 +0000] \"GET /issues?q=tes HTTP/1.1\" 200 415\n","timestamp":"2016-10-21T03:15:11.472Z"}
{"level":"info","message":"::1 - - [21/Oct/2016:03:15:14 +0000] \"GET /issues?q=tes HTTP/1.1\" 401 -\n","timestamp":"2016-10-21T03:15:14.054Z"}
{"level":"info","message":"[Fri Oct 21 2016 09:08:53 GMT+0545 (NPT)] Executing (default): SELECT `id`, `category_id`, `user_id`, `title`, `description`, `posted_date`, `address`, `solved`, `visibility`, `anon`, `created_at`, `updated_at` FROM `Issues` AS `Issues`;","timestamp":"2016-10-21T03:23:53.646Z"}
{"level":"info","message":"::1 - - [21/Oct/2016:03:23:53 +0000] \"GET /issues HTTP/1.1\" 200 415\n","timestamp":"2016-10-21T03:23:53.661Z"}
{"level":"info","message":"::1 - - [21/Oct/2016:03:23:57 +0000] \"GET /issues/2/user HTTP/1.1\" 500 -\n","timestamp":"2016-10-21T03:23:57.465Z"}
